.android/plugins_build_output/flutter_blue/intermediates/manifest_merge_blame_file/debug/manifest-merger-blame-debug-report.txt
1<?xml version="1.0" encoding="utf-8"?>
2<manifest xmlns:android="http://schemas.android.com/apk/res/android"
3    package="com.pauldemarco.flutter_blue" >
4
5    <uses-sdk
6        android:minSdkVersion="19"
6-->src/main/AndroidManifest.xml
7        android:targetSdkVersion="19" />
7-->src/main/AndroidManifest.xml
8
9    <uses-permission android:name="android.permission.BLUETOOTH" />
9-->src/main/AndroidManifest.xml:3:5-68
9-->src/main/AndroidManifest.xml:3:22-65
10    <uses-permission android:name="android.permission.BLUETOOTH_ADMIN" />
10-->src/main/AndroidManifest.xml:4:5-74
10-->src/main/AndroidManifest.xml:4:22-71
11    <uses-permission android:name="android.permission.ACCESS_FINE_LOCATION" />
11-->src/main/AndroidManifest.xml:5:5-78
11-->src/main/AndroidManifest.xml:5:22-76
12
13</manifest>